Launching lib\main.dart on Chrome in debug mode...
Waiting for connection from debug service on Chrome...             17.7s

Flutter run key commands.
r Hot reload. 
R Hot restart.
h List all available interactive commands.
d Detach (terminate "flutter run" but leave application running).
c Clear the screen
q Quit (terminate the application on the device).

Debug service listening on ws://127.0.0.1:52429/0W1m6qA6WnU=/ws
A Dart VM Service on Chrome is available at: http://127.0.0.1:52429/0W1m6qA6WnU=
The Flutter DevTools debugger and profiler on Chrome is available at: http://127.0.0.1:52429/0W1m6qA6WnU=/devtools/?uri=ws://127.0.0.1:52429/0W1m6qA6WnU=/ws
Starting application from main method in: org-dartlang-app:/web_entrypoint.dart.
══╡ EXCEPTION CAUGHT BY RENDERING LIBRARY ╞═════════════════════════════════════════════════════════
The following assertion was thrown during layout:
A RenderFlex overflowed by 2.0 pixels on the bottom.

The relevant error-causing widget was:
  Column Column:file:///C:/Users/tj/Desktop/smart_web/lib/yeeun/view/pages/order_form_page.dart:259:16

The overflowing RenderFlex has an orientation of Axis.vertical.
The edge of the RenderFlex that is overflowing has been marked in the rendering with a yellow and
black striped pattern. This is usually caused by the contents being too big for the RenderFlex.
Consider applying a flex factor (e.g. using an Expanded widget) to force the children of the
RenderFlex to fit within the available space instead of being sized to their natural size.
This is considered an error condition because it indicates that there is content that cannot be
seen. If the content is legitimately bigger than the available space, consider clipping it with a
ClipRect widget before putting it in the flex, or using a scrollable container rather than a Flex,
like a ListView.
The specific RenderFlex in question is: RenderFlex#66a0c OVERFLOWING:
  creator: Column ← Padding ← DecoratedBox ← ConstrainedBox ← Container ← Listener ←
    RawGestureDetector ← GestureDetector ← Semantics ← DefaultSelectionStyle ← Builder ← MouseRegion ←
    ⋯
  parentData: offset=Offset(15.0, 15.0) (can use size)
  constraints: BoxConstraints(w=321.0, h=62.0)
  size: Size(321.0, 62.0)
  direction: vertical
  mainAxisAlignment: start
  mainAxisSize: max
  crossAxisAlignment: start
  textDirection: ltr
  verticalDirection: down
  spacing: 0.0
◢◤◢◤◢◤◢◤◢◤◢◤◢◤◢◤◢◤◢◤◢◤◢◤◢◤◢◤◢◤◢◤◢◤◢◤◢◤◢◤◢◤◢◤◢◤◢◤◢◤◢◤◢◤◢◤◢◤◢◤◢◤◢◤◢◤◢◤◢◤◢◤◢◤◢◤◢◤◢◤◢◤◢◤◢◤◢◤◢◤◢◤◢◤◢◤◢◤◢◤
════════════════════════════════════════════════════════════════════════════════════════════════════
Another exception was thrown: A RenderFlex overflowed by 2.0 pixels on the bottom.
Another exception was thrown: A RenderFlex overflowed by 2.0 pixels on the bottom.
Another exception was thrown: A RenderFlex overflowed by 2.0 pixels on the bottom.
Another exception was thrown: A RenderFlex overflowed by 10.0 pixels on the bottom.
Another exception was thrown: A RenderFlex overflowed by 10.0 pixels on the bottom.
Another exception was thrown: A RenderFlex overflowed by 9.0 pixels on the bottom.
Another exception was thrown: A RenderFlex overflowed by 10.0 pixels on the bottom.
Another exception was thrown: A RenderFlex overflowed by 10.0 pixels on the bottom.
Another exception was thrown: A RenderFlex overflowed by 9.0 pixels on the bottom.
